<?xml version="1.0" encoding="UTF-8"?>
<testsuite xmlns:xsi="http://www.w3.org/2001/XMLSchema-instance" xsi:noNamespaceSchemaLocation="https://maven.apache.org/surefire/maven-surefire-plugin/xsd/surefire-test-report-3.0.xsd" version="3.0" name="handlers.TestWeather" time="8.428" tests="7" errors="0" skipped="0" failures="0">
  <properties>
[...]
</properties>
  <testcase name="getAPIResponseSuccess" classname="handlers.TestWeather" time="0.542"/>
  <testcase name="getAPIResponseInvalidURI" classname="handlers.TestWeather" time="0.176"/>
  <testcase name="getLocationResponseInvalidCoords" classname="handlers.TestWeather" time="0.798"/>
  <testcase name="getForecastCorrectTemperature" classname="handlers.TestWeather" time="1.954"/>
  <testcase name="getAPIResponseBadFormatURI" classname="handlers.TestWeather" time="0.003"/>
  <testcase name="getLocationResponseSuccess" classname="handlers.TestWeather" time="3.298"/>
  <testcase name="getLocationResponseOutsideUSCoords" classname="handlers.TestWeather" time="1.648"/>
</testsuite>